<?xml version="1.0" encoding="UTF-8"?>
<!-- Generated by org.testng.reporters.JUnitReportReporter -->
<testsuite hostname="DESKTOP-LAUHH40" failures="0" tests="3" name="MyTest2" time="0.004" errors="0" timestamp="2022-03-06T13:26:28 AEDT" skipped="0">
  <testcase classname="MyTest2" name="Test23" time="0.001"/>
  <system-out/>
  <testcase classname="MyTest2" name="Test22" time="0.001"/>
  <system-out/>
  <testcase classname="MyTest2" name="Test21" time="0.002"/>
  <system-out/>
</testsuite> <!-- MyTest2 -->
