<?xml version="1.0" encoding="UTF-8"?>
<!-- Generated by org.testng.reporters.JUnitReportReporter -->
<testsuite hostname="DESKTOP-LAUHH40" failures="0" tests="1" name="test.Ttransportnsw" time="3.489" errors="0" timestamp="2022-03-07T12:36:20 AEDT" skipped="0">
  <testcase classname="test.Ttransportnsw" name="test" time="3.489"/>
  <system-out/>
</testsuite> <!-- test.Ttransportnsw -->
