<?xml version="1.0" encoding="UTF-8"?>
<!-- Generated by org.testng.reporters.JUnitReportReporter -->
<testsuite hostname="DESKTOP-LAUHH40" failures="0" tests="1" name="Checkbox" time="7.336" errors="0" timestamp="2022-06-09T10:44:58 AEST" skipped="0">
  <testcase classname="Checkbox" name="CheckboxTest" time="7.336"/>
  <system-out/>
</testsuite> <!-- Checkbox -->
