<?xml version="1.0" encoding="UTF-8"?>
<!-- Generated by org.testng.reporters.JUnitReportReporter -->
<testsuite hostname="DESKTOP-LAUHH40" failures="0" tests="3" name="test.MyTest5" time="0.015" errors="0" timestamp="2022-03-06T14:07:43 AEDT" skipped="0">
  <testcase classname="test.MyTest5" name="Test51" time="0.011"/>
  <system-out/>
  <testcase classname="test.MyTest5" name="Test53" time="0.001"/>
  <system-out/>
  <testcase classname="test.MyTest5" name="Test52" time="0.003"/>
  <system-out/>
</testsuite> <!-- test.MyTest5 -->
