<?xml version="1.0" encoding="UTF-8"?>
<!-- Generated by org.testng.reporters.JUnitReportReporter -->
<testsuite hostname="DESKTOP-LAUHH40" failures="0" tests="1" name="SSLCheck" time="2.877" errors="0" timestamp="2022-06-17T17:05:39 AEST" skipped="0">
  <testcase classname="SSLCheck" name="test1" time="2.877"/>
  <system-out/>
</testsuite> <!-- SSLCheck -->
