<?xml version="1.0" encoding="UTF-8"?>
<!-- Generated by org.testng.reporters.JUnitReportReporter -->
<testsuite hostname="DESKTOP-LAUHH40" failures="0" tests="2" name="test.DataProviderPractice" time="0.008" errors="0" timestamp="2022-03-19T18:36:12 AEDT" skipped="0">
  <testcase classname="test.DataProviderPractice" name="LogIn" time="0.007"/>
  <system-out/>
  <testcase classname="test.DataProviderPractice" name="LogIn" time="0.001"/>
  <system-out/>
</testsuite> <!-- test.DataProviderPractice -->
