<?xml version="1.0" encoding="UTF-8"?>
<!-- Generated by org.testng.reporters.JUnitReportReporter -->
<testsuite hostname="DESKTOP-LAUHH40" failures="0" tests="2" name="TestNGRunner" time="0.007" errors="0" timestamp="2022-03-06T12:30:54 AEDT" skipped="0">
  <testcase classname="TestNGRunner" name="Test2" time="0.001"/>
  <system-out/>
  <testcase classname="TestNGRunner" name="Test1" time="0.006"/>
  <system-out/>
</testsuite> <!-- TestNGRunner -->
