<?xml version="1.0" encoding="UTF-8"?>
<!-- Generated by org.testng.reporters.JUnitReportReporter -->
<testsuite hostname="DESKTOP-LAUHH40" failures="0" tests="3" name="TestNGMyTest1" time="0.005" errors="0" timestamp="2022-03-20T12:28:04 AEDT" skipped="0">
  <testcase classname="TestNGMyTest1" name="Test13" time="0.001"/>
  <system-out/>
  <testcase classname="TestNGMyTest1" name="Test12" time="0.001"/>
  <system-out/>
  <testcase classname="TestNGMyTest1" name="Test11" time="0.003"/>
  <system-out/>
</testsuite> <!-- TestNGMyTest1 -->
