<?xml version="1.0" encoding="UTF-8"?>
<!-- Generated by org.testng.reporters.JUnitReportReporter -->
<testsuite hostname="DESKTOP-LAUHH40" failures="0" tests="1" name="Sandbox" time="6.798" errors="0" timestamp="2022-06-16T16:11:30 AEST" skipped="0">
  <testcase classname="Sandbox" name="Test01" time="6.798"/>
  <system-out/>
</testsuite> <!-- Sandbox -->
