<?xml version="1.0" encoding="UTF-8"?>
<!-- Generated by org.testng.reporters.JUnitReportReporter -->
<testsuite hostname="DESKTOP-LAUHH40" failures="0" tests="1" name="MyTest3" time="0.001" errors="0" timestamp="2022-03-20T12:28:04 AEDT" skipped="0">
  <testcase classname="MyTest3" name="Login33" time="0.001"/>
  <system-out/>
</testsuite> <!-- MyTest3 -->
