<?xml version="1.0" encoding="UTF-8"?>
<!-- Generated by org.testng.reporters.JUnitReportReporter -->
<testsuite hostname="DESKTOP-LAUHH40" failures="0" tests="3" name="Calendar" time="10.297" errors="0" timestamp="2022-06-10T15:36:59 AEST" skipped="0">
  <testcase classname="Calendar" name="ValidateEnable" time="1.279"/>
  <system-out/>
  <testcase classname="Calendar" name="SelectFromCalendarTest" time="0.997"/>
  <system-out/>
  <testcase classname="Calendar" name="CheckboxTest" time="8.021"/>
  <system-out/>
</testsuite> <!-- Calendar -->
