<?xml version="1.0" encoding="UTF-8"?>
<!-- Generated by org.testng.reporters.JUnitReportReporter -->
<testsuite hostname="DESKTOP-LAUHH40" failures="0" tests="2" name="MyTest4" time="0.003" errors="0" timestamp="2022-03-20T12:28:04 AEDT" skipped="0">
  <testcase classname="MyTest4" name="Login41" time="0.001"/>
  <system-out/>
  <testcase classname="MyTest4" name="Login43" time="0.002"/>
  <system-out/>
</testsuite> <!-- MyTest4 -->
