<?xml version="1.0" encoding="UTF-8"?>
<!-- Generated by org.testng.reporters.JUnitReportReporter -->
<testsuite hostname="DESKTOP-LAUHH40" failures="0" tests="1" name="Scroll" time="7.179" errors="0" timestamp="2022-06-17T16:25:57 AEST" skipped="0">
  <testcase classname="Scroll" name="Test1" time="7.179"/>
  <system-out/>
</testsuite> <!-- Scroll -->
